<?xml version="1.0" encoding="utf-8"?><testsuites name="pytest tests"><testsuite name="pytest" errors="0" failures="0" skipped="0" tests="29" time="22.936" timestamp="2026-09-26T00:43:46.312099-03:00" hostname="Lucasj"><testcase classname="tests.test_checklist" name="test_checklist_history_immutable_and_issue_not_auto_resolved" time="0.506" /><testcase classname="tests.test_checklist" name="test_same_equipment_concurrent_checklist" time="0.640" /><testcase classname="tests.test_checklist" name="test_template_mismatch_and_forged_status_rejected" time="0.316" /><testcase classname="tests.test_checklist" name="test_battery_unique_link_and_meter_monotonic" time="0.555" /><testcase classname="tests.test_checklist" name="test_exports_real_csv_pdf_and_formula_escape" time="0.601" /><testcase classname="tests.test_operations" name="test_requires_authorization_and_version" time="0.549" /><testcase classname="tests.test_operations" name="test_concurrent_operator_race_one_winner" time="0.727" /><testcase classname="tests.test_operations" name="test_undo_and_confirm_exactly_once" time="0.723" /><testcase classname="tests.test_operations" name="test_90_minutes_pic_and_no_automatic_movement" time="1.430" /><testcase classname="tests.test_operations" name="test_device_exclusivity_and_type" time="0.554" /><testcase classname="tests.test_operations" name="test_blocked_location_and_close_pending" time="0.632" /><testcase classname="tests.test_operations" name="test_real_timer_and_lifespan_restart" time="10.894" /><testcase classname="tests.test_operations" name="test_operational_day_shift_overnight" time="0.003" /><testcase classname="tests.test_security" name="test_auth_csrf_origin_cookie_and_no_secrets" time="0.297" /><testcase classname="tests.test_security" name="test_emp_denied_critical_reads[/users]" time="0.258" /><testcase classname="tests.test_security" name="test_emp_denied_critical_reads[/audit-secure]" time="0.258" /><testcase classname="tests.test_security" name="test_emp_denied_critical_reads[/security/status]" time="0.254" /><testcase classname="tests.test_security" name="test_emp_denied_critical_reads[/roles]" time="0.259" /><testcase classname="tests.test_security" name="test_emp_denied_critical_reads[/integration/config]" time="0.256" /><testcase classname="tests.test_security" name="test_emp_denied_critical_reads[/reports/audit.csv]" time="0.259" /><testcase classname="tests.test_security" name="test_static_private_paths_and_snapshots_unavailable" time="0.026" /><testcase classname="tests.test_security" name="test_idle_not_kept_alive_by_read_or_heartbeat" time="0.282" /><testcase classname="tests.test_security" name="test_block_revokes_sessions_and_codes" time="0.552" /><testcase classname="tests.test_security" name="test_codes_single_use_concurrent_and_no_plaintext" time="0.289" /><testcase classname="tests.test_security" name="test_expired_code_rate_limit" time="0.310" /><testcase classname="tests.test_security" name="test_permission_change_revokes_session" time="0.512" /><testcase classname="tests.test_security" name="test_append_only_database_and_runtime_not_superuser" time="0.250" /><testcase classname="tests.test_security" name="test_idempotency_exact_and_conflicting_payload" time="0.407" /><testcase classname="tests.test_security" name="test_checklist_code_scope_cannot_change_ti" time="0.295" /></testsuite></testsuites>